<?xml version="1.0" encoding="UTF-8"?>
<testsuite name="com.jenkins.selenium.SimpleGoogleTest" tests="3" skipped="0" failures="0" errors="0" timestamp="2025-10-20T16:06:28" hostname="DESKTOP-L58T9BI" time="56.977">
  <properties/>
  <testcase name="testGooglePageLoads" classname="com.jenkins.selenium.SimpleGoogleTest" time="0.704"/>
  <testcase name="testGoogleSearchWithCSVData" classname="com.jenkins.selenium.SimpleGoogleTest" time="48.996"/>
  <testcase name="testGoogleSearchWorks" classname="com.jenkins.selenium.SimpleGoogleTest" time="4.87"/>
  <system-out><![CDATA[12:06:28.808 [Test worker] INFO  com.jenkins.selenium.BaseTest - WebDriver setup completed for browser: chrome
12:06:28.813 [Test worker] INFO  com.jenkins.selenium.BaseTest - Testing Google page loads
12:06:29.475 [Test worker] INFO  com.jenkins.selenium.BaseTest - Navigated to Google homepage
12:06:29.486 [Test worker] INFO  com.jenkins.selenium.BaseTest - Page title: Google
12:06:29.515 [Test worker] INFO  com.jenkins.selenium.BaseTest - Test passed: Google page loads correctly
12:06:29.696 [Test worker] INFO  com.jenkins.selenium.BaseTest - WebDriver closed successfully
12:06:30.807 [Test worker] INFO  com.jenkins.selenium.BaseTest - WebDriver setup completed for browser: chrome
12:06:30.808 [Test worker] INFO  com.jenkins.selenium.BaseTest - Testing Google search with CSV data
12:06:30.823 [Test worker] INFO  com.jenkins.selenium.TestDataReader - Loaded test data: TestData{searchTerm='Jenkins', expectedResult='Jenkins', testName='Test Jenkins Search', browser='chrome'}
12:06:30.826 [Test worker] INFO  com.jenkins.selenium.TestDataReader - Loaded test data: TestData{searchTerm='Selenium', expectedResult='Selenium', testName='Test Selenium Search', browser='chrome'}
12:06:30.826 [Test worker] INFO  com.jenkins.selenium.TestDataReader - Loaded test data: TestData{searchTerm='Java', expectedResult='Java', testName='Test Java Search', browser='firefox'}
12:06:30.826 [Test worker] INFO  com.jenkins.selenium.TestDataReader - Loaded test data: TestData{searchTerm='Gradle', expectedResult='Gradle', testName='Test Gradle Search', browser='chrome'}
12:06:30.827 [Test worker] INFO  com.jenkins.selenium.TestDataReader - Loaded test data: TestData{searchTerm='TestNG', expectedResult='TestNG', testName='Test TestNG Search', browser='chrome'}
12:06:30.827 [Test worker] INFO  com.jenkins.selenium.TestDataReader - Successfully loaded 5 test data records
12:06:30.827 [Test worker] INFO  com.jenkins.selenium.BaseTest - Running test with CSV data: TestData{searchTerm='Jenkins', expectedResult='Jenkins', testName='Test Jenkins Search', browser='chrome'}
12:06:31.996 [Test worker] INFO  com.jenkins.selenium.BaseTest - WebDriver setup completed for browser: chrome
12:06:32.866 [Test worker] INFO  com.jenkins.selenium.BaseTest - Navigated to Google homepage
12:06:33.026 [Test worker] INFO  com.jenkins.selenium.BaseTest - Entered search term: Jenkins
12:06:33.140 [Test worker] INFO  com.jenkins.selenium.BaseTest - Submitted search
12:06:36.152 [Test worker] INFO  com.jenkins.selenium.BaseTest - Current URL: https://www.google.com/sorry/index?continue=https://www.google.com/search%3Fq%3DJenkins%26sca_esv%3D6e4820828e77e658%26source%3Dhp%26ei%3DBV72aIyIAvWxqtsPj4WmyAw%26iflsig%3DAOw8s4IAAAAAaPZsFXoNvPVy4A_Tdxfp43JuUqpO4r6W%26sei%3DBl72aOWiAtz-p84Pubm_oQc&q=EhAmA2CAQwJo1Xlg0iqpSL88GIa82ccGIjBiwpFbUo8ZuQimAVkQ5NVEajIIvBo9nOqFuWMttDGzg05jb63xmTi-zgLDlcZJH6UyAVJaAUM
12:06:36.153 [Test worker] INFO  com.jenkins.selenium.BaseTest - Test passed: Test Jenkins Search
12:06:36.330 [Test worker] INFO  com.jenkins.selenium.BaseTest - WebDriver closed successfully
12:06:36.330 [Test worker] INFO  com.jenkins.selenium.BaseTest - Running test with CSV data: TestData{searchTerm='Selenium', expectedResult='Selenium', testName='Test Selenium Search', browser='chrome'}
12:06:37.487 [Test worker] INFO  com.jenkins.selenium.BaseTest - WebDriver setup completed for browser: chrome
12:06:38.103 [Test worker] INFO  com.jenkins.selenium.BaseTest - Navigated to Google homepage
12:06:38.285 [Test worker] INFO  com.jenkins.selenium.BaseTest - Entered search term: Selenium
12:06:38.401 [Test worker] INFO  com.jenkins.selenium.BaseTest - Submitted search
12:06:41.429 [Test worker] INFO  com.jenkins.selenium.BaseTest - Current URL: https://www.google.com/sorry/index?continue=https://www.google.com/search%3Fq%3DSelenium%26sca_esv%3D6e4820828e77e658%26source%3Dhp%26ei%3DCl72aIm_HsCRwbkPqIivwAE%26iflsig%3DAOw8s4IAAAAAaPZsGooaiP8WUwL4hLiAtZbfIXvjo5BD%26sei%3DC172aOmmEpf-p84P_PHXgA0&q=EhAmA2CAQwJo1Xlg0iqpSL88GIu82ccGIjDAsIFasu5tmiLSTvOTvDcyo_cfEx2M2xymY-XP8QVIHvFeKkYdvFrZszf3iRqLqoMyAVJaAUM
12:06:41.429 [Test worker] INFO  com.jenkins.selenium.BaseTest - Test passed: Test Selenium Search
12:06:41.606 [Test worker] INFO  com.jenkins.selenium.BaseTest - WebDriver closed successfully
12:06:41.607 [Test worker] INFO  com.jenkins.selenium.BaseTest - Running test with CSV data: TestData{searchTerm='Java', expectedResult='Java', testName='Test Java Search', browser='firefox'}
12:07:03.509 [Test worker] INFO  com.jenkins.selenium.BaseTest - WebDriver setup completed for browser: firefox
12:07:04.434 [Test worker] INFO  com.jenkins.selenium.BaseTest - Navigated to Google homepage
12:07:04.526 [Test worker] INFO  com.jenkins.selenium.BaseTest - Entered search term: Java
12:07:04.541 [Test worker] INFO  com.jenkins.selenium.BaseTest - Submitted search
12:07:07.550 [Test worker] INFO  com.jenkins.selenium.BaseTest - Current URL: https://www.google.com/sorry/index?continue=https://www.google.com/search%3Fq%3DJava%26sca_esv%3D6e4820828e77e658%26source%3Dhp%26ei%3DJF72aO-NJcChqtsPk9GwwAw%26iflsig%3DAOw8s4IAAAAAaPZsNAIO_IkYuLiscNxBRklLHK5zvJEG%26sei%3DJV72aIqSIJChp84PrarCwQ8&q=EhAmA2CAQwJo1Xlg0iqpSL88GKW82ccGIjArX7eKmrQoy21gnVfmfvRSRssYmRv9oRPhB2CftWroWJe4tXrXh2r2pPIDkOEOvxgyAVJaAUM
12:07:07.551 [Test worker] INFO  com.jenkins.selenium.BaseTest - Test passed: Test Java Search
12:07:08.580 [Test worker] INFO  com.jenkins.selenium.BaseTest - WebDriver closed successfully
12:07:08.580 [Test worker] INFO  com.jenkins.selenium.BaseTest - Running test with CSV data: TestData{searchTerm='Gradle', expectedResult='Gradle', testName='Test Gradle Search', browser='chrome'}
12:07:10.329 [Test worker] INFO  com.jenkins.selenium.BaseTest - WebDriver setup completed for browser: chrome
12:07:10.966 [Test worker] INFO  com.jenkins.selenium.BaseTest - Navigated to Google homepage
12:07:11.067 [Test worker] INFO  com.jenkins.selenium.BaseTest - Entered search term: Gradle
12:07:11.227 [Test worker] INFO  com.jenkins.selenium.BaseTest - Submitted search
12:07:14.242 [Test worker] INFO  com.jenkins.selenium.BaseTest - Current URL: https://www.google.com/sorry/index?continue=https://www.google.com/search%3Fq%3DGradle%26sca_esv%3D6e4820828e77e658%26source%3Dhp%26ei%3DK172aKvgE-SqwbkPi9nZ-Qc%26iflsig%3DAOw8s4IAAAAAaPZsO4ocHP8nEb6Mc-msqJmSuMTmLMzH%26sei%3DLF72aIzPB4HIwN4P96S4oQc&q=EhAmA2CAQwJo1Xlg0iqpSL88GKy82ccGIjDwJgBTIiJzN5YJ9B-8uHixPQBHDj4EQPZAdHis7ArV2OCypNJwrt3wESdB3YnQYgQyAVJaAUM
12:07:14.243 [Test worker] INFO  com.jenkins.selenium.BaseTest - Test passed: Test Gradle Search
12:07:14.654 [Test worker] INFO  com.jenkins.selenium.BaseTest - WebDriver closed successfully
12:07:14.655 [Test worker] INFO  com.jenkins.selenium.BaseTest - Running test with CSV data: TestData{searchTerm='TestNG', expectedResult='TestNG', testName='Test TestNG Search', browser='chrome'}
12:07:15.720 [Test worker] INFO  com.jenkins.selenium.BaseTest - WebDriver setup completed for browser: chrome
12:07:16.367 [Test worker] INFO  com.jenkins.selenium.BaseTest - Navigated to Google homepage
12:07:16.522 [Test worker] INFO  com.jenkins.selenium.BaseTest - Entered search term: TestNG
12:07:16.618 [Test worker] INFO  com.jenkins.selenium.BaseTest - Submitted search
12:07:19.639 [Test worker] INFO  com.jenkins.selenium.BaseTest - Current URL: https://www.google.com/sorry/index?continue=https://www.google.com/search%3Fq%3DTestNG%26sca_esv%3D6e4820828e77e658%26source%3Dhp%26ei%3DMF72aI-WLOmTwbkPxYX78Aw%26iflsig%3DAOw8s4IAAAAAaPZsQFE5Q2OgzfSPlb5H0YFmlXmuQigZ%26sei%3DMV72aOuyH-G-p84Pqv_l0Qs&q=EhAmA2CAQwJo1Xlg0iqpSL88GLG82ccGIjCO3ov21aun9dvTKqDbmxP3uGem22XEUdxGedSP_Jgf3Wa14h2zca-se1i2XQIFxqEyAVJaAUM
12:07:19.640 [Test worker] INFO  com.jenkins.selenium.BaseTest - Test passed: Test TestNG Search
12:07:19.803 [Test worker] INFO  com.jenkins.selenium.BaseTest - WebDriver closed successfully
12:07:19.806 [Test worker] INFO  com.jenkins.selenium.BaseTest - WebDriver closed successfully
12:07:20.917 [Test worker] INFO  com.jenkins.selenium.BaseTest - WebDriver setup completed for browser: chrome
12:07:20.918 [Test worker] INFO  com.jenkins.selenium.BaseTest - Testing Google search functionality
12:07:22.450 [Test worker] INFO  com.jenkins.selenium.BaseTest - Navigated to Google homepage
12:07:22.610 [Test worker] INFO  com.jenkins.selenium.BaseTest - Entered search term: Jenkins
12:07:22.752 [Test worker] INFO  com.jenkins.selenium.BaseTest - Submitted search
12:07:25.782 [Test worker] INFO  com.jenkins.selenium.BaseTest - Current URL: https://www.google.com/sorry/index?continue=https://www.google.com/search%3Fq%3DJenkins%26sca_esv%3D6e4820828e77e658%26source%3Dhp%26ei%3DNl72aIX1Nv6bwbkP_4zwwAU%26iflsig%3DAOw8s4IAAAAAaPZsRptwRiE_ruZdBYEw78eDa4fvDUPx%26sei%3DN172aNTwJZ3Dp84P6JOU6Q8&q=EhAmA2CAQwJo1Xlg0iqpSL88GLe82ccGIjBtiXSOFS9yEVHW03kBWlb1W42I1TFuUIiqMiFhZDijFqzIam_URGW1Nm-R035CWEgyAVJaAUM
12:07:25.788 [Test worker] INFO  com.jenkins.selenium.BaseTest - Page title: https://www.google.com/search?q=Jenkins&sca_esv=6e4820828e77e658&source=hp&ei=Nl72aIX1Nv6bwbkP_4zwwAU&iflsig=AOw8s4IAAAAAaPZsRptwRiE_ruZdBYEw78eDa4fvDUPx&sei=N172aNTwJZ3Dp84P6JOU6Q8
12:07:25.788 [Test worker] INFO  com.jenkins.selenium.BaseTest - Test passed: Google search works correctly
12:07:25.953 [Test worker] INFO  com.jenkins.selenium.BaseTest - WebDriver closed successfully
]]></system-out>
  <system-err><![CDATA[Oct 20, 2025 12:06:28 PM org.openqa.selenium.devtools.CdpVersionFinder findNearestMatch
WARNING: Unable to find CDP implementation matching 141
Oct 20, 2025 12:06:28 PM org.openqa.selenium.chromium.ChromiumDriver lambda$new$5
WARNING: Unable to find version of CDP to use for 141.0.7390.108. You may need to include a dependency on a specific version of the CDP using something similar to `org.seleniumhq.selenium:selenium-devtools-v86:4.15.0` where the version ("v86") matches the version of the chromium-based browser you're using and the version number of the artifact is the same as Selenium's.
Oct 20, 2025 12:06:30 PM org.openqa.selenium.devtools.CdpVersionFinder findNearestMatch
WARNING: Unable to find CDP implementation matching 141
Oct 20, 2025 12:06:30 PM org.openqa.selenium.chromium.ChromiumDriver lambda$new$5
WARNING: Unable to find version of CDP to use for 141.0.7390.108. You may need to include a dependency on a specific version of the CDP using something similar to `org.seleniumhq.selenium:selenium-devtools-v86:4.15.0` where the version ("v86") matches the version of the chromium-based browser you're using and the version number of the artifact is the same as Selenium's.
Oct 20, 2025 12:06:31 PM org.openqa.selenium.devtools.CdpVersionFinder findNearestMatch
WARNING: Unable to find CDP implementation matching 141
Oct 20, 2025 12:06:31 PM org.openqa.selenium.chromium.ChromiumDriver lambda$new$5
WARNING: Unable to find version of CDP to use for 141.0.7390.108. You may need to include a dependency on a specific version of the CDP using something similar to `org.seleniumhq.selenium:selenium-devtools-v86:4.15.0` where the version ("v86") matches the version of the chromium-based browser you're using and the version number of the artifact is the same as Selenium's.
Oct 20, 2025 12:06:37 PM org.openqa.selenium.devtools.CdpVersionFinder findNearestMatch
WARNING: Unable to find CDP implementation matching 141
Oct 20, 2025 12:06:37 PM org.openqa.selenium.chromium.ChromiumDriver lambda$new$5
WARNING: Unable to find version of CDP to use for 141.0.7390.108. You may need to include a dependency on a specific version of the CDP using something similar to `org.seleniumhq.selenium:selenium-devtools-v86:4.15.0` where the version ("v86") matches the version of the chromium-based browser you're using and the version number of the artifact is the same as Selenium's.
Oct 20, 2025 12:07:10 PM org.openqa.selenium.devtools.CdpVersionFinder findNearestMatch
WARNING: Unable to find CDP implementation matching 141
Oct 20, 2025 12:07:10 PM org.openqa.selenium.chromium.ChromiumDriver lambda$new$5
WARNING: Unable to find version of CDP to use for 141.0.7390.108. You may need to include a dependency on a specific version of the CDP using something similar to `org.seleniumhq.selenium:selenium-devtools-v86:4.15.0` where the version ("v86") matches the version of the chromium-based browser you're using and the version number of the artifact is the same as Selenium's.
Oct 20, 2025 12:07:15 PM org.openqa.selenium.devtools.CdpVersionFinder findNearestMatch
WARNING: Unable to find CDP implementation matching 141
Oct 20, 2025 12:07:15 PM org.openqa.selenium.chromium.ChromiumDriver lambda$new$5
WARNING: Unable to find version of CDP to use for 141.0.7390.108. You may need to include a dependency on a specific version of the CDP using something similar to `org.seleniumhq.selenium:selenium-devtools-v86:4.15.0` where the version ("v86") matches the version of the chromium-based browser you're using and the version number of the artifact is the same as Selenium's.
Oct 20, 2025 12:07:20 PM org.openqa.selenium.devtools.CdpVersionFinder findNearestMatch
WARNING: Unable to find CDP implementation matching 141
Oct 20, 2025 12:07:20 PM org.openqa.selenium.chromium.ChromiumDriver lambda$new$5
WARNING: Unable to find version of CDP to use for 141.0.7390.108. You may need to include a dependency on a specific version of the CDP using something similar to `org.seleniumhq.selenium:selenium-devtools-v86:4.15.0` where the version ("v86") matches the version of the chromium-based browser you're using and the version number of the artifact is the same as Selenium's.
]]></system-err>
</testsuite>
